0    [main] INFO  org.eclipse.jetty.server.Server  – jetty-8.1.10.v20130312
24   [main] INFO  org.eclipse.jetty.deploy.providers.ScanningAppProvider  – Deployment monitor /Users/xcv58/solr-4.5.1/wiki/contexts at interval 0
30   [main] INFO  org.eclipse.jetty.deploy.DeploymentManager  – Deployable added: /Users/xcv58/solr-4.5.1/wiki/contexts/solr-jetty-context.xml
1135 [main] INFO  org.eclipse.jetty.webapp.StandardDescriptorProcessor  – NO JSP Support for /solr, did not find org.apache.jasper.servlet.JspServlet
1170 [main] INFO  org.apache.solr.servlet.SolrDispatchFilter  – SolrDispatchFilter.init()
1183 [main] INFO  org.apache.solr.core.SolrResourceLoader  – JNDI not configured for solr (NoInitialContextEx)
1184 [main] INFO  org.apache.solr.core.SolrResourceLoader  – solr home defaulted to 'solr/' (could not find system property or JNDI)
1184 [main] INFO  org.apache.solr.core.SolrResourceLoader  – new SolrResourceLoader for directory: 'solr/'
1301 [main] INFO  org.apache.solr.core.ConfigSolr  – Loading container configuration from /Users/xcv58/solr-4.5.1/wiki/solr/solr.xml
1435 [main] INFO  org.apache.solr.core.ConfigSolrXml  – Config-defined core root directory: 
1447 [main] INFO  org.apache.solr.core.CoreContainer  – New CoreContainer 1133569500
1448 [main] INFO  org.apache.solr.core.CoreContainer  – Loading cores into CoreContainer [instanceDir=solr/]
1464 [main] INFO  org.apache.solr.handler.component.HttpShardHandlerFactory  – Setting socketTimeout to: 0
1464 [main] INFO  org.apache.solr.handler.component.HttpShardHandlerFactory  – Setting urlScheme to: http://
1465 [main] INFO  org.apache.solr.handler.component.HttpShardHandlerFactory  – Setting connTimeout to: 0
1465 [main] INFO  org.apache.solr.handler.component.HttpShardHandlerFactory  – Setting maxConnectionsPerHost to: 20
1467 [main] INFO  org.apache.solr.handler.component.HttpShardHandlerFactory  – Setting corePoolSize to: 0
1468 [main] INFO  org.apache.solr.handler.component.HttpShardHandlerFactory  – Setting maximumPoolSize to: 2147483647
1468 [main] INFO  org.apache.solr.handler.component.HttpShardHandlerFactory  – Setting maxThreadIdleTime to: 5
1468 [main] INFO  org.apache.solr.handler.component.HttpShardHandlerFactory  – Setting sizeOfQueue to: -1
1468 [main] INFO  org.apache.solr.handler.component.HttpShardHandlerFactory  – Setting fairnessPolicy to: false
1478 [main] INFO  org.apache.solr.client.solrj.impl.HttpClientUtil  – Creating new http client, config:maxConnectionsPerHost=20&maxConnections=10000&socketTimeout=0&connTimeout=0&retry=false
1608 [main] INFO  org.apache.solr.logging.LogWatcher  – SLF4J impl is org.slf4j.impl.Log4jLoggerFactory
1610 [main] INFO  org.apache.solr.logging.LogWatcher  – Registering Log Listener [Log4j (org.slf4j.impl.Log4jLoggerFactory)]
2055 [main] INFO  org.apache.solr.core.CoresLocator  – Looking for core definitions underneath /Users/xcv58/solr-4.5.1/wiki/solr
2069 [main] INFO  org.apache.solr.core.CoresLocator  – Found core collection1 in /Users/xcv58/solr-4.5.1/wiki/solr/collection1/
2070 [main] INFO  org.apache.solr.core.CoresLocator  – Found 1 core definitions
2071 [coreLoadExecutor-3-thread-1] INFO  org.apache.solr.core.CoreContainer  – Creating SolrCore 'collection1' using instanceDir: /Users/xcv58/solr-4.5.1/wiki/solr/collection1
2071 [coreLoadExecutor-3-thread-1] INFO  org.apache.solr.core.SolrResourceLoader  – new SolrResourceLoader for directory: '/Users/xcv58/solr-4.5.1/wiki/solr/collection1/'
2146 [coreLoadExecutor-3-thread-1] INFO  org.apache.solr.core.SolrConfig  – Adding specified lib dirs to ClassLoader
2148 [coreLoadExecutor-3-thread-1] INFO  org.apache.solr.core.SolrResourceLoader  – Adding 'file:/Users/xcv58/solr-4.5.1/contrib/extraction/lib/apache-mime4j-core-0.7.2.jar' to classloader
2149 [coreLoadExecutor-3-thread-1] INFO  org.apache.solr.core.SolrResourceLoader  – Adding 'file:/Users/xcv58/solr-4.5.1/contrib/extraction/lib/apache-mime4j-dom-0.7.2.jar' to classloader
2149 [coreLoadExecutor-3-thread-1] INFO  org.apache.solr.core.SolrResourceLoader  – Adding 'file:/Users/xcv58/solr-4.5.1/contrib/extraction/lib/bcmail-jdk15-1.45.jar' to classloader
2149 [coreLoadExecutor-3-thread-1] INFO  org.apache.solr.core.SolrResourceLoader  – Adding 'file:/Users/xcv58/solr-4.5.1/contrib/extraction/lib/bcprov-jdk15-1.45.jar' to classloader
2149 [coreLoadExecutor-3-thread-1] INFO  org.apache.solr.core.SolrResourceLoader  – Adding 'file:/Users/xcv58/solr-4.5.1/contrib/extraction/lib/boilerpipe-1.1.0.jar' to classloader
2149 [coreLoadExecutor-3-thread-1] INFO  org.apache.solr.core.SolrResourceLoader  – Adding 'file:/Users/xcv58/solr-4.5.1/contrib/extraction/lib/commons-compress-1.4.1.jar' to classloader
2150 [coreLoadExecutor-3-thread-1] INFO  org.apache.solr.core.SolrResourceLoader  – Adding 'file:/Users/xcv58/solr-4.5.1/contrib/extraction/lib/dom4j-1.6.1.jar' to classloader
2150 [coreLoadExecutor-3-thread-1] INFO  org.apache.solr.core.SolrResourceLoader  – Adding 'file:/Users/xcv58/solr-4.5.1/contrib/extraction/lib/fontbox-1.8.1.jar' to classloader
2150 [coreLoadExecutor-3-thread-1] INFO  org.apache.solr.core.SolrResourceLoader  – Adding 'file:/Users/xcv58/solr-4.5.1/contrib/extraction/lib/icu4j-49.1.jar' to classloader
2150 [coreLoadExecutor-3-thread-1] INFO  org.apache.solr.core.SolrResourceLoader  – Adding 'file:/Users/xcv58/solr-4.5.1/contrib/extraction/lib/isoparser-1.0-RC-1.jar' to classloader
2150 [coreLoadExecutor-3-thread-1] INFO  org.apache.solr.core.SolrResourceLoader  – Adding 'file:/Users/xcv58/solr-4.5.1/contrib/extraction/lib/jdom-1.0.jar' to classloader
2151 [coreLoadExecutor-3-thread-1] INFO  org.apache.solr.core.SolrResourceLoader  – Adding 'file:/Users/xcv58/solr-4.5.1/contrib/extraction/lib/jempbox-1.8.1.jar' to classloader
2151 [coreLoadExecutor-3-thread-1] INFO  org.apache.solr.core.SolrResourceLoader  – Adding 'file:/Users/xcv58/solr-4.5.1/contrib/extraction/lib/juniversalchardet-1.0.3.jar' to classloader
2151 [coreLoadExecutor-3-thread-1] INFO  org.apache.solr.core.SolrResourceLoader  – Adding 'file:/Users/xcv58/solr-4.5.1/contrib/extraction/lib/metadata-extractor-2.6.2.jar' to classloader
2151 [coreLoadExecutor-3-thread-1] INFO  org.apache.solr.core.SolrResourceLoader  – Adding 'file:/Users/xcv58/solr-4.5.1/contrib/extraction/lib/netcdf-4.2-min.jar' to classloader
2152 [coreLoadExecutor-3-thread-1] INFO  org.apache.solr.core.SolrResourceLoader  – Adding 'file:/Users/xcv58/solr-4.5.1/contrib/extraction/lib/pdfbox-1.8.1.jar' to classloader
2152 [coreLoadExecutor-3-thread-1] INFO  org.apache.solr.core.SolrResourceLoader  – Adding 'file:/Users/xcv58/solr-4.5.1/contrib/extraction/lib/poi-3.9.jar' to classloader
2152 [coreLoadExecutor-3-thread-1] INFO  org.apache.solr.core.SolrResourceLoader  – Adding 'file:/Users/xcv58/solr-4.5.1/contrib/extraction/lib/poi-ooxml-3.9.jar' to classloader
2152 [coreLoadExecutor-3-thread-1] INFO  org.apache.solr.core.SolrResourceLoader  – Adding 'file:/Users/xcv58/solr-4.5.1/contrib/extraction/lib/poi-ooxml-schemas-3.9.jar' to classloader
2152 [coreLoadExecutor-3-thread-1] INFO  org.apache.solr.core.SolrResourceLoader  – Adding 'file:/Users/xcv58/solr-4.5.1/contrib/extraction/lib/poi-scratchpad-3.9.jar' to classloader
2153 [coreLoadExecutor-3-thread-1] INFO  org.apache.solr.core.SolrResourceLoader  – Adding 'file:/Users/xcv58/solr-4.5.1/contrib/extraction/lib/rome-0.9.jar' to classloader
2153 [coreLoadExecutor-3-thread-1] INFO  org.apache.solr.core.SolrResourceLoader  – Adding 'file:/Users/xcv58/solr-4.5.1/contrib/extraction/lib/tagsoup-1.2.1.jar' to classloader
2153 [coreLoadExecutor-3-thread-1] INFO  org.apache.solr.core.SolrResourceLoader  – Adding 'file:/Users/xcv58/solr-4.5.1/contrib/extraction/lib/tika-core-1.4.jar' to classloader
2153 [coreLoadExecutor-3-thread-1] INFO  org.apache.solr.core.SolrResourceLoader  – Adding 'file:/Users/xcv58/solr-4.5.1/contrib/extraction/lib/tika-parsers-1.4.jar' to classloader
2154 [coreLoadExecutor-3-thread-1] INFO  org.apache.solr.core.SolrResourceLoader  – Adding 'file:/Users/xcv58/solr-4.5.1/contrib/extraction/lib/vorbis-java-core-0.1.jar' to classloader
2154 [coreLoadExecutor-3-thread-1] INFO  org.apache.solr.core.SolrResourceLoader  – Adding 'file:/Users/xcv58/solr-4.5.1/contrib/extraction/lib/vorbis-java-tika-0.1.jar' to classloader
2154 [coreLoadExecutor-3-thread-1] INFO  org.apache.solr.core.SolrResourceLoader  – Adding 'file:/Users/xcv58/solr-4.5.1/contrib/extraction/lib/xercesImpl-2.9.1.jar' to classloader
2154 [coreLoadExecutor-3-thread-1] INFO  org.apache.solr.core.SolrResourceLoader  – Adding 'file:/Users/xcv58/solr-4.5.1/contrib/extraction/lib/xmlbeans-2.3.0.jar' to classloader
2154 [coreLoadExecutor-3-thread-1] INFO  org.apache.solr.core.SolrResourceLoader  – Adding 'file:/Users/xcv58/solr-4.5.1/contrib/extraction/lib/xz-1.0.jar' to classloader
2155 [coreLoadExecutor-3-thread-1] INFO  org.apache.solr.core.SolrResourceLoader  – Adding 'file:/Users/xcv58/solr-4.5.1/dist/solr-cell-4.5.1.jar' to classloader
2156 [coreLoadExecutor-3-thread-1] INFO  org.apache.solr.core.SolrResourceLoader  – Adding 'file:/Users/xcv58/solr-4.5.1/contrib/clustering/lib/attributes-binder-1.2.0.jar' to classloader
2157 [coreLoadExecutor-3-thread-1] INFO  org.apache.solr.core.SolrResourceLoader  – Adding 'file:/Users/xcv58/solr-4.5.1/contrib/clustering/lib/carrot2-mini-3.8.0.jar' to classloader
2157 [coreLoadExecutor-3-thread-1] INFO  org.apache.solr.core.SolrResourceLoader  – Adding 'file:/Users/xcv58/solr-4.5.1/contrib/clustering/lib/hppc-0.5.2.jar' to classloader
2157 [coreLoadExecutor-3-thread-1] INFO  org.apache.solr.core.SolrResourceLoader  – Adding 'file:/Users/xcv58/solr-4.5.1/contrib/clustering/lib/jackson-core-asl-1.7.4.jar' to classloader
2157 [coreLoadExecutor-3-thread-1] INFO  org.apache.solr.core.SolrResourceLoader  – Adding 'file:/Users/xcv58/solr-4.5.1/contrib/clustering/lib/jackson-mapper-asl-1.7.4.jar' to classloader
2158 [coreLoadExecutor-3-thread-1] INFO  org.apache.solr.core.SolrResourceLoader  – Adding 'file:/Users/xcv58/solr-4.5.1/contrib/clustering/lib/mahout-collections-1.0.jar' to classloader
2158 [coreLoadExecutor-3-thread-1] INFO  org.apache.solr.core.SolrResourceLoader  – Adding 'file:/Users/xcv58/solr-4.5.1/contrib/clustering/lib/mahout-math-0.6.jar' to classloader
2158 [coreLoadExecutor-3-thread-1] INFO  org.apache.solr.core.SolrResourceLoader  – Adding 'file:/Users/xcv58/solr-4.5.1/contrib/clustering/lib/simple-xml-2.7.jar' to classloader
2159 [coreLoadExecutor-3-thread-1] INFO  org.apache.solr.core.SolrResourceLoader  – Adding 'file:/Users/xcv58/solr-4.5.1/dist/solr-clustering-4.5.1.jar' to classloader
2159 [coreLoadExecutor-3-thread-1] INFO  org.apache.solr.core.SolrResourceLoader  – Adding 'file:/Users/xcv58/solr-4.5.1/contrib/langid/lib/jsonic-1.2.7.jar' to classloader
2160 [coreLoadExecutor-3-thread-1] INFO  org.apache.solr.core.SolrResourceLoader  – Adding 'file:/Users/xcv58/solr-4.5.1/contrib/langid/lib/langdetect-1.1-20120112.jar' to classloader
2160 [coreLoadExecutor-3-thread-1] INFO  org.apache.solr.core.SolrResourceLoader  – Adding 'file:/Users/xcv58/solr-4.5.1/dist/solr-langid-4.5.1.jar' to classloader
2161 [coreLoadExecutor-3-thread-1] INFO  org.apache.solr.core.SolrResourceLoader  – Adding 'file:/Users/xcv58/solr-4.5.1/contrib/velocity/lib/commons-beanutils-1.7.0.jar' to classloader
2161 [coreLoadExecutor-3-thread-1] INFO  org.apache.solr.core.SolrResourceLoader  – Adding 'file:/Users/xcv58/solr-4.5.1/contrib/velocity/lib/commons-collections-3.2.1.jar' to classloader
2162 [coreLoadExecutor-3-thread-1] INFO  org.apache.solr.core.SolrResourceLoader  – Adding 'file:/Users/xcv58/solr-4.5.1/contrib/velocity/lib/velocity-1.7.jar' to classloader
2162 [coreLoadExecutor-3-thread-1] INFO  org.apache.solr.core.SolrResourceLoader  – Adding 'file:/Users/xcv58/solr-4.5.1/contrib/velocity/lib/velocity-tools-2.0.jar' to classloader
2163 [coreLoadExecutor-3-thread-1] INFO  org.apache.solr.core.SolrResourceLoader  – Adding 'file:/Users/xcv58/solr-4.5.1/dist/solr-velocity-4.5.1.jar' to classloader
2163 [coreLoadExecutor-3-thread-1] INFO  org.apache.solr.core.SolrResourceLoader  – Adding 'file:/Users/xcv58/solr-4.5.1/dist/solr-dataimporthandler-4.5.1.jar' to classloader
2164 [coreLoadExecutor-3-thread-1] INFO  org.apache.solr.core.SolrResourceLoader  – Adding 'file:/Users/xcv58/solr-4.5.1/dist/solr-dataimporthandler-extras-4.5.1.jar' to classloader
2313 [coreLoadExecutor-3-thread-1] INFO  org.apache.solr.update.SolrIndexConfig  – IndexWriter infoStream solr logging is enabled
2321 [coreLoadExecutor-3-thread-1] INFO  org.apache.solr.core.SolrConfig  – Using Lucene MatchVersion: LUCENE_45
2457 [coreLoadExecutor-3-thread-1] INFO  org.apache.solr.core.Config  – Loaded SolrConfig: solrconfig.xml
2464 [coreLoadExecutor-3-thread-1] INFO  org.apache.solr.schema.IndexSchema  – Reading Solr Schema from schema.xml
2540 [coreLoadExecutor-3-thread-1] INFO  org.apache.solr.schema.IndexSchema  – [collection1] Schema name=example
3189 [coreLoadExecutor-3-thread-1] INFO  org.apache.solr.schema.IndexSchema  – unique key field: id
3276 [coreLoadExecutor-3-thread-1] INFO  org.apache.solr.schema.FileExchangeRateProvider  – Reloading exchange rates from file currency.xml
3287 [coreLoadExecutor-3-thread-1] INFO  org.apache.solr.schema.FileExchangeRateProvider  – Reloading exchange rates from file currency.xml
3429 [coreLoadExecutor-3-thread-1] INFO  org.apache.solr.core.SolrCore  – solr.NRTCachingDirectoryFactory
3436 [coreLoadExecutor-3-thread-1] INFO  org.apache.solr.core.SolrCore  – [collection1] Opening new SolrCore at /Users/xcv58/solr-4.5.1/wiki/solr/collection1/, dataDir=/Users/xcv58/solr-4.5.1/wiki/solr/collection1/data/
3437 [coreLoadExecutor-3-thread-1] INFO  org.apache.solr.core.JmxMonitoredMap  – No JMX servers found, not exposing Solr information with JMX.
3442 [coreLoadExecutor-3-thread-1] INFO  org.apache.solr.core.SolrCore  – [collection1] Added SolrEventListener for newSearcher: org.apache.solr.core.QuerySenderListener{queries=[]}
3442 [coreLoadExecutor-3-thread-1] INFO  org.apache.solr.core.SolrCore  – [collection1] Added SolrEventListener for firstSearcher: org.apache.solr.core.QuerySenderListener{queries=[{q=static firstSearcher warming in solrconfig.xml}]}
3458 [coreLoadExecutor-3-thread-1] INFO  org.apache.solr.core.CachingDirectoryFactory  – return new directory for /Users/xcv58/solr-4.5.1/wiki/solr/collection1/data
3459 [coreLoadExecutor-3-thread-1] INFO  org.apache.solr.core.SolrCore  – New index directory detected: old=null new=/Users/xcv58/solr-4.5.1/wiki/solr/collection1/data/index/
3459 [coreLoadExecutor-3-thread-1] WARN  org.apache.solr.core.SolrCore  – [collection1] Solr index directory '/Users/xcv58/solr-4.5.1/wiki/solr/collection1/data/index' doesn't exist. Creating new index...
3466 [coreLoadExecutor-3-thread-1] INFO  org.apache.solr.core.CachingDirectoryFactory  – return new directory for /Users/xcv58/solr-4.5.1/wiki/solr/collection1/data/index
3510 [coreLoadExecutor-3-thread-1] INFO  org.apache.solr.core.SolrCore  – SolrDeletionPolicy.onCommit: commits: num=1
	commit{dir=NRTCachingDirectory(org.apache.lucene.store.NIOFSDirectory@/Users/xcv58/solr-4.5.1/wiki/solr/collection1/data/index lockFactory=org.apache.lucene.store.NativeFSLockFactory@3ccc9f79; maxCacheMB=48.0 maxMergeSizeMB=4.0),segFN=segments_1,generation=1}
3511 [coreLoadExecutor-3-thread-1] INFO  org.apache.solr.core.SolrCore  – newest commit generation = 1
3516 [coreLoadExecutor-3-thread-1] INFO  org.apache.solr.core.SolrCore  – created json: solr.JSONResponseWriter
3516 [coreLoadExecutor-3-thread-1] INFO  org.apache.solr.core.SolrCore  – adding lazy queryResponseWriter: solr.VelocityResponseWriter
3517 [coreLoadExecutor-3-thread-1] INFO  org.apache.solr.core.SolrCore  – created velocity: solr.VelocityResponseWriter
3520 [coreLoadExecutor-3-thread-1] INFO  org.apache.solr.core.SolrCore  – created xslt: solr.XSLTResponseWriter
3521 [coreLoadExecutor-3-thread-1] INFO  org.apache.solr.response.XSLTResponseWriter  – xsltCacheLifetimeSeconds=5
3606 [coreLoadExecutor-3-thread-1] INFO  org.apache.solr.core.SolrCore  – no updateRequestProcessorChain defined as default, creating implicit default
3618 [coreLoadExecutor-3-thread-1] INFO  org.apache.solr.core.RequestHandlers  – created /dataimport: org.apache.solr.handler.dataimport.DataImportHandler
3624 [coreLoadExecutor-3-thread-1] INFO  org.apache.solr.core.RequestHandlers  – created /select: solr.SearchHandler
3625 [coreLoadExecutor-3-thread-1] INFO  org.apache.solr.core.RequestHandlers  – created /query: solr.SearchHandler
3627 [coreLoadExecutor-3-thread-1] INFO  org.apache.solr.core.RequestHandlers  – created /get: solr.RealTimeGetHandler
3628 [coreLoadExecutor-3-thread-1] INFO  org.apache.solr.core.RequestHandlers  – created /browse: solr.SearchHandler
3632 [coreLoadExecutor-3-thread-1] INFO  org.apache.solr.core.RequestHandlers  – created /update: solr.UpdateRequestHandler
3635 [coreLoadExecutor-3-thread-1] INFO  org.apache.solr.core.RequestHandlers  – created /update/json: solr.JsonUpdateRequestHandler
3637 [coreLoadExecutor-3-thread-1] INFO  org.apache.solr.core.RequestHandlers  – created /update/csv: solr.CSVRequestHandler
3637 [coreLoadExecutor-3-thread-1] INFO  org.apache.solr.core.RequestHandlers  – adding lazy requestHandler: solr.extraction.ExtractingRequestHandler
3638 [coreLoadExecutor-3-thread-1] INFO  org.apache.solr.core.RequestHandlers  – created /update/extract: solr.extraction.ExtractingRequestHandler
3638 [coreLoadExecutor-3-thread-1] INFO  org.apache.solr.core.RequestHandlers  – adding lazy requestHandler: solr.FieldAnalysisRequestHandler
3638 [coreLoadExecutor-3-thread-1] INFO  org.apache.solr.core.RequestHandlers  – created /analysis/field: solr.FieldAnalysisRequestHandler
3638 [coreLoadExecutor-3-thread-1] INFO  org.apache.solr.core.RequestHandlers  – adding lazy requestHandler: solr.DocumentAnalysisRequestHandler
3638 [coreLoadExecutor-3-thread-1] INFO  org.apache.solr.core.RequestHandlers  – created /analysis/document: solr.DocumentAnalysisRequestHandler
3641 [coreLoadExecutor-3-thread-1] INFO  org.apache.solr.core.RequestHandlers  – created /admin/: solr.admin.AdminHandlers
3643 [coreLoadExecutor-3-thread-1] INFO  org.apache.solr.core.RequestHandlers  – created /admin/ping: solr.PingRequestHandler
3647 [coreLoadExecutor-3-thread-1] INFO  org.apache.solr.core.RequestHandlers  – created /debug/dump: solr.DumpRequestHandler
3660 [coreLoadExecutor-3-thread-1] INFO  org.apache.solr.core.RequestHandlers  – created /replication: solr.ReplicationHandler
3660 [coreLoadExecutor-3-thread-1] INFO  org.apache.solr.core.RequestHandlers  – adding lazy requestHandler: solr.SearchHandler
3660 [coreLoadExecutor-3-thread-1] INFO  org.apache.solr.core.RequestHandlers  – created /spell: solr.SearchHandler
3660 [coreLoadExecutor-3-thread-1] INFO  org.apache.solr.core.RequestHandlers  – adding lazy requestHandler: solr.SearchHandler
3661 [coreLoadExecutor-3-thread-1] INFO  org.apache.solr.core.RequestHandlers  – created /tvrh: solr.SearchHandler
3661 [coreLoadExecutor-3-thread-1] INFO  org.apache.solr.core.RequestHandlers  – adding lazy requestHandler: org.apache.solr.handler.js.JavaScriptRequestHandler
3661 [coreLoadExecutor-3-thread-1] INFO  org.apache.solr.core.RequestHandlers  – created /js: org.apache.solr.handler.js.JavaScriptRequestHandler
3661 [coreLoadExecutor-3-thread-1] INFO  org.apache.solr.core.RequestHandlers  – adding lazy requestHandler: solr.SearchHandler
3661 [coreLoadExecutor-3-thread-1] INFO  org.apache.solr.core.RequestHandlers  – created /terms: solr.SearchHandler
3661 [coreLoadExecutor-3-thread-1] INFO  org.apache.solr.core.RequestHandlers  – adding lazy requestHandler: solr.SearchHandler
3661 [coreLoadExecutor-3-thread-1] INFO  org.apache.solr.core.RequestHandlers  – created /elevate: solr.SearchHandler
3676 [coreLoadExecutor-3-thread-1] INFO  org.apache.solr.handler.loader.XMLLoader  – xsltCacheLifetimeSeconds=60
3679 [coreLoadExecutor-3-thread-1] INFO  org.apache.solr.handler.loader.XMLLoader  – xsltCacheLifetimeSeconds=60
3679 [coreLoadExecutor-3-thread-1] INFO  org.apache.solr.handler.loader.XMLLoader  – xsltCacheLifetimeSeconds=60
3694 [coreLoadExecutor-3-thread-1] INFO  org.apache.solr.core.SolrCore  – Hard AutoCommit: if uncommited for 15000ms; 
3694 [coreLoadExecutor-3-thread-1] INFO  org.apache.solr.core.SolrCore  – Soft AutoCommit: disabled
3697 [coreLoadExecutor-3-thread-1] INFO  org.apache.solr.core.SolrCore  – SolrDeletionPolicy.onInit: commits: num=1
	commit{dir=NRTCachingDirectory(org.apache.lucene.store.NIOFSDirectory@/Users/xcv58/solr-4.5.1/wiki/solr/collection1/data/index lockFactory=org.apache.lucene.store.NativeFSLockFactory@3ccc9f79; maxCacheMB=48.0 maxMergeSizeMB=4.0),segFN=segments_1,generation=1}
3697 [coreLoadExecutor-3-thread-1] INFO  org.apache.solr.core.SolrCore  – newest commit generation = 1
3703 [coreLoadExecutor-3-thread-1] INFO  org.apache.solr.search.SolrIndexSearcher  – Opening Searcher@3dbb01dd main
3708 [coreLoadExecutor-3-thread-1] INFO  org.apache.solr.handler.component.SpellCheckComponent  – Initializing spell checkers
3714 [coreLoadExecutor-3-thread-1] INFO  org.apache.solr.spelling.DirectSolrSpellChecker  – init: {name=default,field=text,classname=solr.DirectSolrSpellChecker,distanceMeasure=internal,accuracy=0.5,maxEdits=2,minPrefix=1,maxInspections=5,minQueryLength=4,maxQueryFrequency=0.01}
3721 [coreLoadExecutor-3-thread-1] INFO  org.apache.solr.handler.component.SpellCheckComponent  – No queryConverter defined, using default converter
3723 [coreLoadExecutor-3-thread-1] INFO  org.apache.solr.handler.component.QueryElevationComponent  – Loading QueryElevation from: /Users/xcv58/solr-4.5.1/wiki/solr/collection1/conf/elevate.xml
3756 [coreLoadExecutor-3-thread-1] INFO  org.apache.solr.handler.ReplicationHandler  – Commits will be reserved for  10000
3756 [searcherExecutor-4-thread-1] INFO  org.apache.solr.core.SolrCore  – QuerySenderListener sending requests to Searcher@3dbb01dd main{StandardDirectoryReader(segments_1:1:nrt)}
3757 [coreLoadExecutor-3-thread-1] INFO  org.apache.solr.core.CoreContainer  – registering core: collection1
3759 [main] INFO  org.apache.solr.servlet.SolrDispatchFilter  – user.dir=/Users/xcv58/solr-4.5.1/wiki
3760 [main] INFO  org.apache.solr.servlet.SolrDispatchFilter  – SolrDispatchFilter.init() done
3805 [main] INFO  org.eclipse.jetty.server.AbstractConnector  – Started SocketConnector@0.0.0.0:8983
3821 [searcherExecutor-4-thread-1] INFO  org.apache.solr.core.SolrCore  – [collection1] webapp=null path=null params={event=firstSearcher&q=static+firstSearcher+warming+in+solrconfig.xml&distrib=false} hits=0 status=0 QTime=62 
3821 [searcherExecutor-4-thread-1] INFO  org.apache.solr.core.SolrCore  – QuerySenderListener done.
3821 [searcherExecutor-4-thread-1] INFO  org.apache.solr.handler.component.SpellCheckComponent  – Loading spell index for spellchecker: default
3822 [searcherExecutor-4-thread-1] INFO  org.apache.solr.handler.component.SpellCheckComponent  – Loading spell index for spellchecker: wordbreak
3822 [searcherExecutor-4-thread-1] INFO  org.apache.solr.core.SolrCore  – [collection1] Registered new searcher Searcher@3dbb01dd main{StandardDirectoryReader(segments_1:1:nrt)}
62506 [qtp1773103387-12] INFO  org.apache.solr.servlet.SolrDispatchFilter  – [admin] webapp=null path=/admin/cores params={indexInfo=false&_=1385679409288&wt=json} status=0 QTime=5 
62556 [qtp1773103387-12] INFO  org.apache.solr.servlet.SolrDispatchFilter  – [admin] webapp=null path=/admin/info/system params={_=1385679409321&wt=json} status=0 QTime=25 
62607 [qtp1773103387-16] INFO  org.apache.solr.core.SolrCore  – [collection1] webapp=/solr path=/dataimport params={indent=true&command=status&_=1385679409381&wt=json} status=0 QTime=7 
62607 [qtp1773103387-17] INFO  org.apache.solr.core.SolrCore  – [collection1] webapp=/solr path=/dataimport params={indent=true&command=show-config&_=1385679409380} status=0 QTime=7 
62609 [qtp1773103387-12] INFO  org.apache.solr.core.SolrCore  – [collection1] webapp=/solr path=/admin/mbeans params={cat=QUERYHANDLER&_=1385679409380&wt=json} status=0 QTime=14 
64236 [qtp1773103387-12] INFO  org.apache.solr.core.SolrCore  – [collection1] webapp=/solr path=/dataimport params={indent=true&command=status&_=1385679411024&wt=json} status=0 QTime=1 
65567 [qtp1773103387-12] INFO  org.apache.solr.core.SolrCore  – [collection1] webapp=/solr path=/admin/file/ params={file=admin-extra.menu-top.html&_=1385679412353&contentType=text/html;charset%3Dutf-8} status=0 QTime=1 
65567 [qtp1773103387-17] INFO  org.apache.solr.core.SolrCore  – [collection1] webapp=/solr path=/admin/file/ params={file=admin-extra.menu-bottom.html&_=1385679412354&contentType=text/html;charset%3Dutf-8} status=0 QTime=1 
65582 [qtp1773103387-12] INFO  org.apache.solr.core.SolrCore  – [collection1] webapp=/solr path=/admin/luke params={numTerms=0&_=1385679412368&show=index&wt=json} status=0 QTime=2 
65585 [qtp1773103387-17] INFO  org.apache.solr.core.SolrCore  – [collection1] webapp=/solr path=/replication params={command=details&_=1385679412369&wt=json} status=0 QTime=3 
65612 [qtp1773103387-16] INFO  org.apache.solr.core.SolrCore  – [collection1] webapp=/solr path=/admin/system params={_=1385679412370&wt=json} status=0 QTime=30 
65612 [qtp1773103387-14] INFO  org.apache.solr.core.SolrCore  – [collection1] webapp=/solr path=/admin/file/ params={file=admin-extra.html&_=1385679412371} status=0 QTime=0 
65616 [qtp1773103387-18] INFO  org.apache.solr.core.SolrCore  – [collection1] webapp=/solr path=/admin/ping params={action=status&_=1385679412371&wt=json} status=503 QTime=4 
66951 [qtp1773103387-12] INFO  org.apache.solr.core.SolrCore  – [collection1] webapp=/solr path=/admin/mbeans params={cat=QUERYHANDLER&_=1385679413737&wt=json} status=0 QTime=1 
66974 [qtp1773103387-12] INFO  org.apache.solr.core.SolrCore  – [collection1] webapp=/solr path=/admin/mbeans params={cat=QUERYHANDLER&_=1385679413763&wt=json} status=0 QTime=1 
66978 [qtp1773103387-17] INFO  org.apache.solr.core.SolrCore  – [collection1] webapp=/solr path=/dataimport params={indent=true&command=show-config&_=1385679413763} status=0 QTime=3 
66978 [qtp1773103387-16] INFO  org.apache.solr.core.SolrCore  – [collection1] webapp=/solr path=/dataimport params={indent=true&command=status&_=1385679413765&wt=json} status=0 QTime=1 
68327 [qtp1773103387-12] INFO  org.apache.solr.handler.dataimport.DataImporter  – Loading DIH Configuration: ./data-config.xml
68342 [qtp1773103387-12] INFO  org.apache.solr.handler.dataimport.config.DIHConfiguration  – The field :$skipDoc present in DataConfig does not have a counterpart in Solr Schema
68343 [qtp1773103387-12] INFO  org.apache.solr.handler.dataimport.DataImporter  – Data Configuration loaded successfully
68348 [qtp1773103387-12] INFO  org.apache.solr.core.SolrCore  – [collection1] webapp=/solr path=/dataimport params={optimize=false&indent=true&clean=true&commit=true&verbose=false&command=full-import&debug=false&wt=json} status=0 QTime=21 
68348 [Thread-15] INFO  org.apache.solr.handler.dataimport.DataImporter  – Starting Full Import
68355 [qtp1773103387-12] INFO  org.apache.solr.core.SolrCore  – [collection1] webapp=/solr path=/dataimport params={indent=true&command=status&_=1385679415143&wt=json} status=0 QTime=0 
68370 [Thread-15] INFO  org.apache.solr.handler.dataimport.SimplePropertiesWriter  – Read dataimport.properties
68478 [Thread-15] WARN  org.apache.solr.handler.dataimport.FileDataSource  – FileDataSource.basePath is empty. Resolving to: /Users/xcv58/solr-4.5.1/wiki/.
68949 [qtp1773103387-12] INFO  org.apache.solr.core.SolrCore  – [collection1] webapp=/solr path=/dataimport params={indent=true&command=status&_=1385679415734&wt=json} status=0 QTime=1 
69118 [qtp1773103387-12] INFO  org.apache.solr.core.SolrCore  – [collection1] webapp=/solr path=/dataimport params={indent=true&command=status&_=1385679415904&wt=json} status=0 QTime=1 
69340 [qtp1773103387-12] INFO  org.apache.solr.core.SolrCore  – [collection1] webapp=/solr path=/dataimport params={indent=true&command=status&_=1385679416127&wt=json} status=0 QTime=0 
69517 [qtp1773103387-12] INFO  org.apache.solr.core.SolrCore  – [collection1] webapp=/solr path=/dataimport params={indent=true&command=status&_=1385679416303&wt=json} status=0 QTime=1 
69701 [qtp1773103387-12] INFO  org.apache.solr.core.SolrCore  – [collection1] webapp=/solr path=/dataimport params={indent=true&command=status&_=1385679416488&wt=json} status=0 QTime=0 
69870 [qtp1773103387-12] INFO  org.apache.solr.core.SolrCore  – [collection1] webapp=/solr path=/dataimport params={indent=true&command=status&_=1385679416657&wt=json} status=0 QTime=0 
70029 [qtp1773103387-12] INFO  org.apache.solr.core.SolrCore  – [collection1] webapp=/solr path=/dataimport params={indent=true&command=status&_=1385679416817&wt=json} status=0 QTime=0 
70690 [qtp1773103387-12] INFO  org.apache.solr.core.SolrCore  – [collection1] webapp=/solr path=/dataimport params={indent=true&command=status&_=1385679417479&wt=json} status=0 QTime=0 
70867 [qtp1773103387-12] INFO  org.apache.solr.core.SolrCore  – [collection1] webapp=/solr path=/dataimport params={indent=true&command=status&_=1385679417655&wt=json} status=0 QTime=0 
71036 [qtp1773103387-12] INFO  org.apache.solr.core.SolrCore  – [collection1] webapp=/solr path=/dataimport params={indent=true&command=status&_=1385679417823&wt=json} status=0 QTime=0 
71180 [qtp1773103387-12] INFO  org.apache.solr.core.SolrCore  – [collection1] webapp=/solr path=/dataimport params={indent=true&command=status&_=1385679417967&wt=json} status=0 QTime=0 
71330 [qtp1773103387-12] INFO  org.apache.solr.core.SolrCore  – [collection1] webapp=/solr path=/dataimport params={indent=true&command=status&_=1385679418119&wt=json} status=0 QTime=0 
71469 [qtp1773103387-12] INFO  org.apache.solr.core.SolrCore  – [collection1] webapp=/solr path=/dataimport params={indent=true&command=status&_=1385679418256&wt=json} status=0 QTime=0 
71619 [qtp1773103387-12] INFO  org.apache.solr.core.SolrCore  – [collection1] webapp=/solr path=/dataimport params={indent=true&command=status&_=1385679418408&wt=json} status=0 QTime=0 
71755 [qtp1773103387-12] INFO  org.apache.solr.core.SolrCore  – [collection1] webapp=/solr path=/dataimport params={indent=true&command=status&_=1385679418544&wt=json} status=0 QTime=0 
71884 [qtp1773103387-12] INFO  org.apache.solr.core.SolrCore  – [collection1] webapp=/solr path=/dataimport params={indent=true&command=status&_=1385679418672&wt=json} status=0 QTime=0 
72032 [qtp1773103387-12] INFO  org.apache.solr.core.SolrCore  – [collection1] webapp=/solr path=/dataimport params={indent=true&command=status&_=1385679418817&wt=json} status=0 QTime=0 
72180 [qtp1773103387-12] INFO  org.apache.solr.core.SolrCore  – [collection1] webapp=/solr path=/dataimport params={indent=true&command=status&_=1385679418969&wt=json} status=0 QTime=0 
72329 [qtp1773103387-12] INFO  org.apache.solr.core.SolrCore  – [collection1] webapp=/solr path=/dataimport params={indent=true&command=status&_=1385679419113&wt=json} status=0 QTime=0 
72465 [qtp1773103387-12] INFO  org.apache.solr.core.SolrCore  – [collection1] webapp=/solr path=/dataimport params={indent=true&command=status&_=1385679419253&wt=json} status=0 QTime=1 
72605 [qtp1773103387-12] INFO  org.apache.solr.core.SolrCore  – [collection1] webapp=/solr path=/dataimport params={indent=true&command=status&_=1385679419394&wt=json} status=0 QTime=0 
72750 [qtp1773103387-12] INFO  org.apache.solr.core.SolrCore  – [collection1] webapp=/solr path=/dataimport params={indent=true&command=status&_=1385679419538&wt=json} status=0 QTime=0 
72903 [qtp1773103387-12] INFO  org.apache.solr.core.SolrCore  – [collection1] webapp=/solr path=/dataimport params={indent=true&command=status&_=1385679419690&wt=json} status=0 QTime=0 
73038 [qtp1773103387-12] INFO  org.apache.solr.core.SolrCore  – [collection1] webapp=/solr path=/dataimport params={indent=true&command=status&_=1385679419827&wt=json} status=0 QTime=0 
73190 [qtp1773103387-12] INFO  org.apache.solr.core.SolrCore  – [collection1] webapp=/solr path=/dataimport params={indent=true&command=status&_=1385679419979&wt=json} status=0 QTime=0 
73334 [qtp1773103387-12] INFO  org.apache.solr.core.SolrCore  – [collection1] webapp=/solr path=/dataimport params={indent=true&command=status&_=1385679420123&wt=json} status=0 QTime=0 
73487 [qtp1773103387-12] INFO  org.apache.solr.core.SolrCore  – [collection1] webapp=/solr path=/dataimport params={indent=true&command=status&_=1385679420276&wt=json} status=0 QTime=0 
73638 [qtp1773103387-12] INFO  org.apache.solr.core.SolrCore  – [collection1] webapp=/solr path=/dataimport params={indent=true&command=status&_=1385679420428&wt=json} status=0 QTime=0 
73784 [qtp1773103387-12] INFO  org.apache.solr.core.SolrCore  – [collection1] webapp=/solr path=/dataimport params={indent=true&command=status&_=1385679420573&wt=json} status=0 QTime=0 
73935 [qtp1773103387-12] INFO  org.apache.solr.core.SolrCore  – [collection1] webapp=/solr path=/dataimport params={indent=true&command=status&_=1385679420724&wt=json} status=0 QTime=0 
83434 [commitScheduler-6-thread-1] INFO  org.apache.solr.update.UpdateHandler  – start commit{,optimize=false,openSearcher=false,waitSearcher=true,expungeDeletes=false,softCommit=false,prepareCommit=false}
88497 [commitScheduler-6-thread-1] INFO  org.apache.solr.core.SolrCore  – SolrDeletionPolicy.onCommit: commits: num=2
	commit{dir=NRTCachingDirectory(org.apache.lucene.store.NIOFSDirectory@/Users/xcv58/solr-4.5.1/wiki/solr/collection1/data/index lockFactory=org.apache.lucene.store.NativeFSLockFactory@3ccc9f79; maxCacheMB=48.0 maxMergeSizeMB=4.0),segFN=segments_1,generation=1}
	commit{dir=NRTCachingDirectory(org.apache.lucene.store.NIOFSDirectory@/Users/xcv58/solr-4.5.1/wiki/solr/collection1/data/index lockFactory=org.apache.lucene.store.NativeFSLockFactory@3ccc9f79; maxCacheMB=48.0 maxMergeSizeMB=4.0),segFN=segments_2,generation=2}
88497 [commitScheduler-6-thread-1] INFO  org.apache.solr.core.SolrCore  – newest commit generation = 2
89761 [commitScheduler-6-thread-1] INFO  org.apache.solr.search.SolrIndexSearcher  – Opening Searcher@45861ff8 realtime
89763 [commitScheduler-6-thread-1] INFO  org.apache.solr.update.UpdateHandler  – end_commit_flush
98437 [commitScheduler-6-thread-1] INFO  org.apache.solr.update.UpdateHandler  – start commit{,optimize=false,openSearcher=false,waitSearcher=true,expungeDeletes=false,softCommit=false,prepareCommit=false}
101036 [commitScheduler-6-thread-1] INFO  org.apache.solr.core.SolrCore  – SolrDeletionPolicy.onCommit: commits: num=2
	commit{dir=NRTCachingDirectory(org.apache.lucene.store.NIOFSDirectory@/Users/xcv58/solr-4.5.1/wiki/solr/collection1/data/index lockFactory=org.apache.lucene.store.NativeFSLockFactory@3ccc9f79; maxCacheMB=48.0 maxMergeSizeMB=4.0),segFN=segments_2,generation=2}
	commit{dir=NRTCachingDirectory(org.apache.lucene.store.NIOFSDirectory@/Users/xcv58/solr-4.5.1/wiki/solr/collection1/data/index lockFactory=org.apache.lucene.store.NativeFSLockFactory@3ccc9f79; maxCacheMB=48.0 maxMergeSizeMB=4.0),segFN=segments_3,generation=3}
101037 [commitScheduler-6-thread-1] INFO  org.apache.solr.core.SolrCore  – newest commit generation = 3
101639 [commitScheduler-6-thread-1] INFO  org.apache.solr.search.SolrIndexSearcher  – Opening Searcher@7d244e08 realtime
101645 [commitScheduler-6-thread-1] INFO  org.apache.solr.update.UpdateHandler  – end_commit_flush
108775 [Thread-15] INFO  org.apache.solr.handler.dataimport.DocBuilder  – Import completed successfully
108775 [Thread-15] INFO  org.apache.solr.update.UpdateHandler  – start commit{,optimize=false,openSearcher=true,waitSearcher=true,expungeDeletes=false,softCommit=false,prepareCommit=false}
110884 [Thread-15] INFO  org.apache.solr.core.SolrCore  – SolrDeletionPolicy.onCommit: commits: num=2
	commit{dir=NRTCachingDirectory(org.apache.lucene.store.NIOFSDirectory@/Users/xcv58/solr-4.5.1/wiki/solr/collection1/data/index lockFactory=org.apache.lucene.store.NativeFSLockFactory@3ccc9f79; maxCacheMB=48.0 maxMergeSizeMB=4.0),segFN=segments_3,generation=3}
	commit{dir=NRTCachingDirectory(org.apache.lucene.store.NIOFSDirectory@/Users/xcv58/solr-4.5.1/wiki/solr/collection1/data/index lockFactory=org.apache.lucene.store.NativeFSLockFactory@3ccc9f79; maxCacheMB=48.0 maxMergeSizeMB=4.0),segFN=segments_4,generation=4}
110885 [Thread-15] INFO  org.apache.solr.core.SolrCore  – newest commit generation = 4
110890 [Thread-15] INFO  org.apache.solr.search.SolrIndexSearcher  – Opening Searcher@156baa53 main
110893 [searcherExecutor-4-thread-1] INFO  org.apache.solr.core.SolrCore  – QuerySenderListener sending requests to Searcher@156baa53 main{StandardDirectoryReader(segments_4:11:nrt _0(4.5.1):C7831 _1(4.5.1):C2185 _2(4.5.1):C7146 _3(4.5.1):C1560 _4(4.5.1):C7127)}
110893 [searcherExecutor-4-thread-1] INFO  org.apache.solr.core.SolrCore  – QuerySenderListener done.
110894 [searcherExecutor-4-thread-1] INFO  org.apache.solr.core.SolrCore  – [collection1] Registered new searcher Searcher@156baa53 main{StandardDirectoryReader(segments_4:11:nrt _0(4.5.1):C7831 _1(4.5.1):C2185 _2(4.5.1):C7146 _3(4.5.1):C1560 _4(4.5.1):C7127)}
110903 [Thread-15] INFO  org.apache.solr.update.UpdateHandler  – end_commit_flush
110904 [Thread-15] INFO  org.apache.solr.handler.dataimport.SimplePropertiesWriter  – Read dataimport.properties
110905 [Thread-15] INFO  org.apache.solr.handler.dataimport.SimplePropertiesWriter  – Wrote last indexed time to dataimport.properties
110905 [Thread-15] INFO  org.apache.solr.handler.dataimport.DocBuilder  – Time taken = 0:0:42.534
110905 [Thread-15] INFO  org.apache.solr.update.processor.LogUpdateProcessor  – [collection1] webapp=/solr path=/dataimport params={optimize=false&indent=true&clean=true&commit=true&verbose=false&command=full-import&debug=false&wt=json} status=0 QTime=21 {deleteByQuery=*:* (-1452990178471706624),add=[10 (1452990178615361536), 27 (1452990178765307904), 29 (1452990178834513920), 33 (1452990178880651264), 36 (1452990178978168832), 37 (1452990178983411712), 40 (1452990179048423424), 42 (1452990179129163776), 44 (1452990179136503808), 47 (1452990179187884032), ... (25849 adds)],commit=} 0 21
114148 [qtp1773103387-12] INFO  org.apache.solr.core.SolrCore  – [collection1] webapp=/solr path=/dataimport params={indent=true&command=status&_=1385679460937&wt=json} status=0 QTime=0 
114307 [qtp1773103387-12] INFO  org.apache.solr.core.SolrCore  – [collection1] webapp=/solr path=/dataimport params={indent=true&command=status&_=1385679461096&wt=json} status=0 QTime=0 
114500 [qtp1773103387-12] INFO  org.apache.solr.core.SolrCore  – [collection1] webapp=/solr path=/dataimport params={indent=true&command=status&_=1385679461289&wt=json} status=0 QTime=0 
114685 [qtp1773103387-12] INFO  org.apache.solr.core.SolrCore  – [collection1] webapp=/solr path=/dataimport params={indent=true&command=status&_=1385679461474&wt=json} status=0 QTime=1 
